# JRE version: Java(TM) SE Runtime Environment (8.0_77-b03) (build 1.8.0_77-b03)
# Java VM: Java HotSpot(TM) 64-Bit Server VM (25.77-b03 mixed mode windows-amd64 compressed oops)
Heap:
 PSYoungGen      total 82432K, used 36891K [0x00000000e0000000, 0x00000000e7100000, 0x0000000100000000)
  eden space 72192K, 51% used [0x00000000e0000000,0x00000000e2406f18,0x00000000e4680000)
  from space 10240K, 0% used [0x00000000e4680000,0x00000000e4680000,0x00000000e5080000)
  to   space 11264K, 0% used [0x00000000e6600000,0x00000000e6600000,0x00000000e7100000)
 ParOldGen       total 65536K, used 18472K [0x00000000a0000000, 0x00000000a4000000, 0x00000000e0000000)
  object space 65536K, 28% used [0x00000000a0000000,0x00000000a120a2e8,0x00000000a4000000)
 Metaspace       used 36949K, capacity 37796K, committed 38144K, reserved 1081344K
  class space    used 5081K, capacity 5291K, committed 5376K, reserved 1048576K
GC Heap History (10 events):
Event: 21.348 GC heap before
{Heap before GC invocations=7 (full 1):
 PSYoungGen      total 38400K, used 37990K [0x00000000e0000000, 0x00000000e4480000, 0x0000000100000000)
  eden space 33280K, 100% used [0x00000000e0000000,0x00000000e2080000,0x00000000e2080000)
  from space 5120K, 91% used [0x00000000e2080000,0x00000000e2519868,0x00000000e2580000)
  to   space 10752K, 0% used [0x00000000e3a00000,0x00000000e3a00000,0x00000000e4480000)
 ParOldGen       total 65536K, used 9199K [0x00000000a0000000, 0x00000000a4000000, 0x00000000e0000000)
  object space 65536K, 14% used [0x00000000a0000000,0x00000000a08fbf50,0x00000000a4000000)
 Metaspace       used 26062K, capacity 26692K, committed 26880K, reserved 1073152K
  class space    used 3649K, capacity 3812K, committed 3840K, reserved 1048576K
Event: 21.361 GC heap after
Heap after GC invocations=7 (full 1):
 PSYoungGen      total 59392K, used 5149K [0x00000000e0000000, 0x00000000e4700000, 0x0000000100000000)
  eden space 48640K, 0% used [0x00000000e0000000,0x00000000e0000000,0x00000000e2f80000)
  from space 10752K, 47% used [0x00000000e3a00000,0x00000000e3f075c0,0x00000000e4480000)
  to   space 10752K, 0% used [0x00000000e2f80000,0x00000000e2f80000,0x00000000e3a00000)
 ParOldGen       total 65536K, used 9207K [0x00000000a0000000, 0x00000000a4000000, 0x00000000e0000000)
  object space 65536K, 14% used [0x00000000a0000000,0x00000000a08fdf50,0x00000000a4000000)
 Metaspace       used 26062K, capacity 26692K, committed 26880K, reserved 1073152K
  class space    used 3649K, capacity 3812K, committed 3840K, reserved 1048576K
}
Event: 22.359 GC heap before
{Heap before GC invocations=8 (full 1):
 PSYoungGen      total 59392K, used 53789K [0x00000000e0000000, 0x00000000e4700000, 0x0000000100000000)
  eden space 48640K, 100% used [0x00000000e0000000,0x00000000e2f80000,0x00000000e2f80000)
  from space 10752K, 47% used [0x00000000e3a00000,0x00000000e3f075c0,0x00000000e4480000)
  to   space 10752K, 0% used [0x00000000e2f80000,0x00000000e2f80000,0x00000000e3a00000)
 ParOldGen       total 65536K, used 9207K [0x00000000a0000000, 0x00000000a4000000, 0x00000000e0000000)
  object space 65536K, 14% used [0x00000000a0000000,0x00000000a08fdf50,0x00000000a4000000)
 Metaspace       used 28390K, capacity 29020K, committed 29312K, reserved 1075200K
  class space    used 3967K, capacity 4136K, committed 4224K, reserved 1048576K
Event: 22.368 GC heap after
Heap after GC invocations=8 (full 1):
 PSYoungGen      total 59392K, used 5765K [0x00000000e0000000, 0x00000000e5c00000, 0x0000000100000000)
  eden space 48640K, 0% used [0x00000000e0000000,0x00000000e0000000,0x00000000e2f80000)
  from space 10752K, 53% used [0x00000000e2f80000,0x00000000e3521528,0x00000000e3a00000)
  to   space 10240K, 0% used [0x00000000e5200000,0x00000000e5200000,0x00000000e5c00000)
 ParOldGen       total 65536K, used 9215K [0x00000000a0000000, 0x00000000a4000000, 0x00000000e0000000)
  object space 65536K, 14% used [0x00000000a0000000,0x00000000a08fff50,0x00000000a4000000)
 Metaspace       used 28390K, capacity 29020K, committed 29312K, reserved 1075200K
  class space    used 3967K, capacity 4136K, committed 4224K, reserved 1048576K
}
Event: 23.550 GC heap before
{Heap before GC invocations=9 (full 1):
 PSYoungGen      total 59392K, used 54405K [0x00000000e0000000, 0x00000000e5c00000, 0x0000000100000000)
  eden space 48640K, 100% used [0x00000000e0000000,0x00000000e2f80000,0x00000000e2f80000)
  from space 10752K, 53% used [0x00000000e2f80000,0x00000000e3521528,0x00000000e3a00000)
  to   space 10240K, 0% used [0x00000000e5200000,0x00000000e5200000,0x00000000e5c00000)
 ParOldGen       total 65536K, used 9215K [0x00000000a0000000, 0x00000000a4000000, 0x00000000e0000000)
  object space 65536K, 14% used [0x00000000a0000000,0x00000000a08fff50,0x00000000a4000000)
 Metaspace       used 29168K, capacity 29778K, committed 29952K, reserved 1075200K
  class space    used 4048K, capacity 4238K, committed 4352K, reserved 1048576K
Event: 23.557 GC heap after
Heap after GC invocations=9 (full 1):
 PSYoungGen      total 80896K, used 4832K [0x00000000e0000000, 0x00000000e5a80000, 0x0000000100000000)
  eden space 72192K, 0% used [0x00000000e0000000,0x00000000e0000000,0x00000000e4680000)
  from space 8704K, 55% used [0x00000000e5200000,0x00000000e56b8010,0x00000000e5a80000)
  to   space 10240K, 0% used [0x00000000e4680000,0x00000000e4680000,0x00000000e5080000)
 ParOldGen       total 65536K, used 9295K [0x00000000a0000000, 0x00000000a4000000, 0x00000000e0000000)
  object space 65536K, 14% used [0x00000000a0000000,0x00000000a0913f78,0x00000000a4000000)
 Metaspace       used 29168K, capacity 29778K, committed 29952K, reserved 1075200K
  class space    used 4048K, capacity 4238K, committed 4352K, reserved 1048576K
}
Event: 25.343 GC heap before
{Heap before GC invocations=10 (full 1):
 PSYoungGen      total 80896K, used 77024K [0x00000000e0000000, 0x00000000e5a80000, 0x0000000100000000)
  eden space 72192K, 100% used [0x00000000e0000000,0x00000000e4680000,0x00000000e4680000)
  from space 8704K, 55% used [0x00000000e5200000,0x00000000e56b8010,0x00000000e5a80000)
  to   space 10240K, 0% used [0x00000000e4680000,0x00000000e4680000,0x00000000e5080000)
 ParOldGen       total 65536K, used 9295K [0x00000000a0000000, 0x00000000a4000000, 0x00000000e0000000)
  object space 65536K, 14% used [0x00000000a0000000,0x00000000a0913f78,0x00000000a4000000)
 Metaspace       used 34612K, capacity 35264K, committed 35456K, reserved 1079296K
  class space    used 4750K, capacity 4921K, committed 4992K, reserved 1048576K
Event: 25.360 GC heap after
Heap after GC invocations=10 (full 1):
 PSYoungGen      total 82432K, used 10209K [0x00000000e0000000, 0x00000000e7100000, 0x0000000100000000)
  eden space 72192K, 0% used [0x00000000e0000000,0x00000000e0000000,0x00000000e4680000)
  from space 10240K, 99% used [0x00000000e4680000,0x00000000e5078720,0x00000000e5080000)
  to   space 11264K, 0% used [0x00000000e6600000,0x00000000e6600000,0x00000000e7100000)
 ParOldGen       total 65536K, used 9689K [0x00000000a0000000, 0x00000000a4000000, 0x00000000e0000000)
  object space 65536K, 14% used [0x00000000a0000000,0x00000000a0976790,0x00000000a4000000)
 Metaspace       used 34612K, capacity 35264K, committed 35456K, reserved 1079296K
  class space    used 4750K, capacity 4921K, committed 4992K, reserved 1048576K
}
Event: 25.360 GC heap before
{Heap before GC invocations=11 (full 2):
 PSYoungGen      total 82432K, used 10209K [0x00000000e0000000, 0x00000000e7100000, 0x0000000100000000)
  eden space 72192K, 0% used [0x00000000e0000000,0x00000000e0000000,0x00000000e4680000)
  from space 10240K, 99% used [0x00000000e4680000,0x00000000e5078720,0x00000000e5080000)
  to   space 11264K, 0% used [0x00000000e6600000,0x00000000e6600000,0x00000000e7100000)
 ParOldGen       total 65536K, used 9689K [0x00000000a0000000, 0x00000000a4000000, 0x00000000e0000000)
  object space 65536K, 14% used [0x00000000a0000000,0x00000000a0976790,0x00000000a4000000)
 Metaspace       used 34612K, capacity 35264K, committed 35456K, reserved 1079296K
  class space    used 4750K, capacity 4921K, committed 4992K, reserved 1048576K
Event: 25.514 GC heap after
Heap after GC invocations=11 (full 2):
 PSYoungGen      total 82432K, used 0K [0x00000000e0000000, 0x00000000e7100000, 0x0000000100000000)
  eden space 72192K, 0% used [0x00000000e0000000,0x00000000e0000000,0x00000000e4680000)
  from space 10240K, 0% used [0x00000000e4680000,0x00000000e4680000,0x00000000e5080000)
  to   space 11264K, 0% used [0x00000000e6600000,0x00000000e6600000,0x00000000e7100000)
 ParOldGen       total 65536K, used 18472K [0x00000000a0000000, 0x00000000a4000000, 0x00000000e0000000)
  object space 65536K, 28% used [0x00000000a0000000,0x00000000a120a2e8,0x00000000a4000000)
 Metaspace       used 34612K, capacity 35264K, committed 35456K, reserved 1079296K
  class space    used 4750K, capacity 4921K, committed 4992K, reserved 1048576K
}

