# JRE version: Java(TM) SE Runtime Environment (8.0_77-b03) (build 1.8.0_77-b03)
# Java VM: Java HotSpot(TM) 64-Bit Server VM (25.77-b03 mixed mode windows-amd64 compressed oops)
Heap:
 PSYoungGen      total 482816K, used 320993K [0x00000000e0000000, 0x0000000100000000, 0x0000000100000000)
  eden space 441856K, 72% used [0x00000000e0000000,0x00000000f3978650,0x00000000faf80000)
  from space 40960K, 0% used [0x00000000faf80000,0x00000000faf80000,0x00000000fd780000)
  to   space 40448K, 0% used [0x00000000fd880000,0x00000000fd880000,0x0000000100000000)
 ParOldGen       total 169984K, used 101715K [0x00000000a0000000, 0x00000000aa600000, 0x00000000e0000000)
  object space 169984K, 59% used [0x00000000a0000000,0x00000000a6354c78,0x00000000aa600000)
 Metaspace       used 94779K, capacity 99034K, committed 101976K, reserved 1138688K
  class space    used 11406K, capacity 12176K, committed 12672K, reserved 1048576K
GC Heap History (10 events):
Event: 1407.648 GC heap before
{Heap before GC invocations=74 (full 5):
 PSYoungGen      total 479232K, used 472830K [0x00000000e0000000, 0x0000000100000000, 0x0000000100000000)
  eden space 441344K, 99% used [0x00000000e0000000,0x00000000fae11b68,0x00000000faf00000)
  from space 37888K, 85% used [0x00000000fda00000,0x00000000ff9add88,0x00000000fff00000)
  to   space 41472K, 0% used [0x00000000faf00000,0x00000000faf00000,0x00000000fd780000)
 ParOldGen       total 169984K, used 130331K [0x00000000a0000000, 0x00000000aa600000, 0x00000000e0000000)
  object space 169984K, 76% used [0x00000000a0000000,0x00000000a7f46c90,0x00000000aa600000)
 Metaspace       used 97007K, capacity 101340K, committed 101464K, reserved 1138688K
  class space    used 11675K, capacity 12574K, committed 12672K, reserved 1048576K
Event: 1407.705 GC heap after
Heap after GC invocations=74 (full 5):
 PSYoungGen      total 482816K, used 7839K [0x00000000e0000000, 0x0000000100000000, 0x0000000100000000)
  eden space 441344K, 0% used [0x00000000e0000000,0x00000000e0000000,0x00000000faf00000)
  from space 41472K, 18% used [0x00000000faf00000,0x00000000fb6a7c20,0x00000000fd780000)
  to   space 41472K, 0% used [0x00000000fd780000,0x00000000fd780000,0x0000000100000000)
 ParOldGen       total 169984K, used 130683K [0x00000000a0000000, 0x00000000aa600000, 0x00000000e0000000)
  object space 169984K, 76% used [0x00000000a0000000,0x00000000a7f9ec90,0x00000000aa600000)
 Metaspace       used 97007K, capacity 101340K, committed 101464K, reserved 1138688K
  class space    used 11675K, capacity 12574K, committed 12672K, reserved 1048576K
}
Event: 1408.457 GC heap before
{Heap before GC invocations=75 (full 5):
 PSYoungGen      total 482816K, used 136854K [0x00000000e0000000, 0x0000000100000000, 0x0000000100000000)
  eden space 441344K, 29% used [0x00000000e0000000,0x00000000e7dfdbe8,0x00000000faf00000)
  from space 41472K, 18% used [0x00000000faf00000,0x00000000fb6a7c20,0x00000000fd780000)
  to   space 41472K, 0% used [0x00000000fd780000,0x00000000fd780000,0x0000000100000000)
 ParOldGen       total 169984K, used 130683K [0x00000000a0000000, 0x00000000aa600000, 0x00000000e0000000)
  object space 169984K, 76% used [0x00000000a0000000,0x00000000a7f9ec90,0x00000000aa600000)
 Metaspace       used 97008K, capacity 101340K, committed 101464K, reserved 1138688K
  class space    used 11675K, capacity 12574K, committed 12672K, reserved 1048576K
Event: 1408.468 GC heap after
Heap after GC invocations=75 (full 5):
 PSYoungGen      total 483328K, used 5888K [0x00000000e0000000, 0x0000000100000000, 0x0000000100000000)
  eden space 441856K, 0% used [0x00000000e0000000,0x00000000e0000000,0x00000000faf80000)
  from space 41472K, 14% used [0x00000000fd780000,0x00000000fdd40040,0x0000000100000000)
  to   space 40960K, 0% used [0x00000000faf80000,0x00000000faf80000,0x00000000fd780000)
 ParOldGen       total 169984K, used 130887K [0x00000000a0000000, 0x00000000aa600000, 0x00000000e0000000)
  object space 169984K, 76% used [0x00000000a0000000,0x00000000a7fd1cb0,0x00000000aa600000)
 Metaspace       used 97008K, capacity 101340K, committed 101464K, reserved 1138688K
  class space    used 11675K, capacity 12574K, committed 12672K, reserved 1048576K
}
Event: 1408.468 GC heap before
{Heap before GC invocations=76 (full 6):
 PSYoungGen      total 483328K, used 5888K [0x00000000e0000000, 0x0000000100000000, 0x0000000100000000)
  eden space 441856K, 0% used [0x00000000e0000000,0x00000000e0000000,0x00000000faf80000)
  from space 41472K, 14% used [0x00000000fd780000,0x00000000fdd40040,0x0000000100000000)
  to   space 40960K, 0% used [0x00000000faf80000,0x00000000faf80000,0x00000000fd780000)
 ParOldGen       total 169984K, used 130887K [0x00000000a0000000, 0x00000000aa600000, 0x00000000e0000000)
  object space 169984K, 76% used [0x00000000a0000000,0x00000000a7fd1cb0,0x00000000aa600000)
 Metaspace       used 97008K, capacity 101340K, committed 101464K, reserved 1138688K
  class space    used 11675K, capacity 12574K, committed 12672K, reserved 1048576K
Event: 1409.260 GC heap after
Heap after GC invocations=76 (full 6):
 PSYoungGen      total 483328K, used 0K [0x00000000e0000000, 0x0000000100000000, 0x0000000100000000)
  eden space 441856K, 0% used [0x00000000e0000000,0x00000000e0000000,0x00000000faf80000)
  from space 41472K, 0% used [0x00000000fd780000,0x00000000fd780000,0x0000000100000000)
  to   space 40960K, 0% used [0x00000000faf80000,0x00000000faf80000,0x00000000fd780000)
 ParOldGen       total 169984K, used 88003K [0x00000000a0000000, 0x00000000aa600000, 0x00000000e0000000)
  object space 169984K, 51% used [0x00000000a0000000,0x00000000a55f0de0,0x00000000aa600000)
 Metaspace       used 90873K, capacity 94784K, committed 101464K, reserved 1138688K
  class space    used 10988K, capacity 11732K, committed 12672K, reserved 1048576K
}
Event: 2231.110 GC heap before
{Heap before GC invocations=77 (full 6):
 PSYoungGen      total 483328K, used 275814K [0x00000000e0000000, 0x0000000100000000, 0x0000000100000000)
  eden space 441856K, 62% used [0x00000000e0000000,0x00000000f0d59878,0x00000000faf80000)
  from space 41472K, 0% used [0x00000000fd780000,0x00000000fd780000,0x0000000100000000)
  to   space 40960K, 0% used [0x00000000faf80000,0x00000000faf80000,0x00000000fd780000)
 ParOldGen       total 169984K, used 88003K [0x00000000a0000000, 0x00000000aa600000, 0x00000000e0000000)
  object space 169984K, 51% used [0x00000000a0000000,0x00000000a55f0de0,0x00000000aa600000)
 Metaspace       used 94993K, capacity 99504K, committed 101976K, reserved 1138688K
  class space    used 11485K, capacity 12356K, committed 12672K, reserved 1048576K
Event: 2231.215 GC heap after
Heap after GC invocations=77 (full 6):
 PSYoungGen      total 482816K, used 22082K [0x00000000e0000000, 0x0000000100000000, 0x0000000100000000)
  eden space 441856K, 0% used [0x00000000e0000000,0x00000000e0000000,0x00000000faf80000)
  from space 40960K, 53% used [0x00000000faf80000,0x00000000fc510a50,0x00000000fd780000)
  to   space 40448K, 0% used [0x00000000fd880000,0x00000000fd880000,0x0000000100000000)
 ParOldGen       total 169984K, used 88011K [0x00000000a0000000, 0x00000000aa600000, 0x00000000e0000000)
  object space 169984K, 51% used [0x00000000a0000000,0x00000000a55f2de0,0x00000000aa600000)
 Metaspace       used 94993K, capacity 99504K, committed 101976K, reserved 1138688K
  class space    used 11485K, capacity 12356K, committed 12672K, reserved 1048576K
}
Event: 2231.215 GC heap before
{Heap before GC invocations=78 (full 7):
 PSYoungGen      total 482816K, used 22082K [0x00000000e0000000, 0x0000000100000000, 0x0000000100000000)
  eden space 441856K, 0% used [0x00000000e0000000,0x00000000e0000000,0x00000000faf80000)
  from space 40960K, 53% used [0x00000000faf80000,0x00000000fc510a50,0x00000000fd780000)
  to   space 40448K, 0% used [0x00000000fd880000,0x00000000fd880000,0x0000000100000000)
 ParOldGen       total 169984K, used 88011K [0x00000000a0000000, 0x00000000aa600000, 0x00000000e0000000)
  object space 169984K, 51% used [0x00000000a0000000,0x00000000a55f2de0,0x00000000aa600000)
 Metaspace       used 94993K, capacity 99504K, committed 101976K, reserved 1138688K
  class space    used 11485K, capacity 12356K, committed 12672K, reserved 1048576K
Event: 2232.257 GC heap after
Heap after GC invocations=78 (full 7):
 PSYoungGen      total 482816K, used 0K [0x00000000e0000000, 0x0000000100000000, 0x0000000100000000)
  eden space 441856K, 0% used [0x00000000e0000000,0x00000000e0000000,0x00000000faf80000)
  from space 40960K, 0% used [0x00000000faf80000,0x00000000faf80000,0x00000000fd780000)
  to   space 40448K, 0% used [0x00000000fd880000,0x00000000fd880000,0x0000000100000000)
 ParOldGen       total 169984K, used 101715K [0x00000000a0000000, 0x00000000aa600000, 0x00000000e0000000)
  object space 169984K, 59% used [0x00000000a0000000,0x00000000a6354c78,0x00000000aa600000)
 Metaspace       used 94585K, capacity 98744K, committed 101976K, reserved 1138688K
  class space    used 11391K, capacity 12159K, committed 12672K, reserved 1048576K
}

